TN:
SF:main.js
FN:94,(anonymous_0)
FN:111,(anonymous_1)
FN:118,(anonymous_2)
FN:140,(anonymous_3)
FN:146,(anonymous_4)
FN:152,(anonymous_5)
FN:156,(anonymous_6)
FN:177,(anonymous_7)
FN:182,(anonymous_8)
FN:206,(anonymous_9)
FN:237,(anonymous_10)
FN:293,(anonymous_11)
FN:307,(anonymous_12)
FN:321,(anonymous_13)
FN:328,(anonymous_14)
FN:338,(anonymous_15)
FN:364,(anonymous_16)
FN:371,(anonymous_17)
FN:376,(anonymous_18)
FN:402,(anonymous_19)
FN:411,(anonymous_20)
FN:416,(anonymous_21)
FN:427,(anonymous_22)
FN:476,(anonymous_23)
FN:481,(anonymous_24)
FN:491,(anonymous_25)
FN:526,(anonymous_26)
FN:584,(anonymous_27)
FN:595,(anonymous_28)
FN:614,(anonymous_29)
FN:618,(anonymous_30)
FN:649,(anonymous_31)
FN:671,(anonymous_32)
FN:696,(anonymous_33)
FN:702,(anonymous_34)
FN:704,(anonymous_35)
FN:724,(anonymous_36)
FN:727,(anonymous_37)
FN:737,(anonymous_38)
FN:740,(anonymous_39)
FN:752,(anonymous_40)
FN:757,(anonymous_41)
FN:763,(anonymous_42)
FN:766,(anonymous_43)
FN:771,(anonymous_44)
FN:782,(anonymous_45)
FN:792,(anonymous_46)
FNF:47
FNH:37
FNDA:161,(anonymous_0)
FNDA:54,(anonymous_1)
FNDA:0,(anonymous_2)
FNDA:2,(anonymous_3)
FNDA:1,(anonymous_4)
FNDA:23,(anonymous_5)
FNDA:2,(anonymous_6)
FNDA:6,(anonymous_7)
FNDA:20,(anonymous_8)
FNDA:8,(anonymous_9)
FNDA:0,(anonymous_10)
FNDA:0,(anonymous_11)
FNDA:0,(anonymous_12)
FNDA:6,(anonymous_13)
FNDA:10,(anonymous_14)
FNDA:6,(anonymous_15)
FNDA:3,(anonymous_16)
FNDA:0,(anonymous_17)
FNDA:3,(anonymous_18)
FNDA:1,(anonymous_19)
FNDA:0,(anonymous_20)
FNDA:2,(anonymous_21)
FNDA:12,(anonymous_22)
FNDA:78,(anonymous_23)
FNDA:60,(anonymous_24)
FNDA:3,(anonymous_25)
FNDA:17,(anonymous_26)
FNDA:2,(anonymous_27)
FNDA:60,(anonymous_28)
FNDA:1,(anonymous_29)
FNDA:3,(anonymous_30)
FNDA:2,(anonymous_31)
FNDA:3,(anonymous_32)
FNDA:2,(anonymous_33)
FNDA:10,(anonymous_34)
FNDA:4,(anonymous_35)
FNDA:0,(anonymous_36)
FNDA:4,(anonymous_37)
FNDA:0,(anonymous_38)
FNDA:1,(anonymous_39)
FNDA:9,(anonymous_40)
FNDA:0,(anonymous_41)
FNDA:4,(anonymous_42)
FNDA:0,(anonymous_43)
FNDA:7,(anonymous_44)
FNDA:1,(anonymous_45)
FNDA:1,(anonymous_46)
DA:2,83
DA:37,83
DA:84,83
DA:95,161
DA:96,161
DA:97,161
DA:98,161
DA:99,161
DA:100,161
DA:101,161
DA:102,161
DA:103,161
DA:104,161
DA:105,161
DA:106,161
DA:107,161
DA:112,54
DA:113,48
DA:115,54
DA:120,0
DA:121,0
DA:122,0
DA:124,0
DA:125,0
DA:126,0
DA:130,0
DA:131,0
DA:135,0
DA:136,0
DA:137,0
DA:141,2
DA:142,1
DA:147,1
DA:148,1
DA:153,23
DA:154,23
DA:155,23
DA:156,23
DA:158,23
DA:165,16
DA:167,16
DA:168,2
DA:171,14
DA:173,7
DA:174,7
DA:175,1
DA:177,6
DA:183,20
DA:184,20
DA:187,20
DA:188,0
DA:191,20
DA:192,20
DA:195,13
DA:196,13
DA:197,13
DA:199,0
DA:200,0
DA:201,0
DA:202,0
DA:207,8
DA:209,8
DA:210,8
DA:214,8
DA:215,8
DA:218,8
DA:219,8
DA:220,8
DA:223,8
DA:224,8
DA:226,8
DA:228,0
DA:231,0
DA:232,0
DA:235,0
DA:237,0
DA:238,0
DA:239,0
DA:241,0
DA:246,8
DA:249,8
DA:252,8
DA:255,8
DA:256,8
DA:257,8
DA:258,8
DA:260,8
DA:262,0
DA:265,0
DA:268,0
DA:271,0
DA:272,0
DA:275,0
DA:276,0
DA:277,0
DA:278,0
DA:289,0
DA:290,0
DA:293,0
DA:294,0
DA:295,0
DA:296,0
DA:297,0
DA:300,8
DA:304,8
DA:308,0
DA:310,0
DA:311,0
DA:315,0
DA:322,6
DA:323,6
DA:325,6
DA:328,10
DA:331,5
DA:332,0
DA:333,5
DA:334,0
DA:339,6
DA:340,6
DA:341,6
DA:344,6
DA:349,4
DA:350,4
DA:352,4
DA:353,4
DA:354,4
DA:356,4
DA:357,4
DA:359,0
DA:360,0
DA:365,3
DA:366,3
DA:368,2
DA:369,2
DA:371,2
DA:372,0
DA:377,3
DA:379,3
DA:380,3
DA:383,1
DA:384,1
DA:387,1
DA:388,1
DA:390,1
DA:393,1
DA:394,1
DA:397,2
DA:398,2
DA:403,1
DA:404,0
DA:405,0
DA:408,1
DA:409,1
DA:410,1
DA:411,0
DA:417,2
DA:419,1
DA:421,1
DA:422,1
DA:423,1
DA:429,12
DA:430,12
DA:433,12
DA:435,12
DA:437,2
DA:438,10
DA:440,2
DA:441,2
DA:442,8
DA:444,1
DA:445,1
DA:446,7
DA:448,2
DA:449,2
DA:450,5
DA:452,1
DA:453,4
DA:455,1
DA:456,1
DA:457,3
DA:459,2
DA:460,2
DA:463,1
DA:464,1
DA:468,12
DA:469,12
DA:470,2
DA:471,10
DA:472,2
DA:476,12
DA:477,78
DA:481,12
DA:482,60
DA:486,12
DA:487,1
DA:493,3
DA:495,2
DA:496,2
DA:498,2
DA:499,2
DA:502,2
DA:503,1
DA:504,1
DA:505,1
DA:506,1
DA:507,1
DA:508,1
DA:509,1
DA:510,1
DA:513,2
DA:514,2
DA:517,2
DA:518,2
DA:519,2
DA:520,2
DA:522,2
DA:523,2
DA:528,17
DA:531,16
DA:532,16
DA:535,16
DA:536,16
DA:537,16
DA:538,16
DA:539,16
DA:542,16
DA:543,16
DA:544,16
DA:545,16
DA:548,16
DA:549,16
DA:550,16
DA:551,16
DA:552,16
DA:553,16
DA:554,16
DA:557,16
DA:558,16
DA:559,16
DA:560,16
DA:561,16
DA:562,16
DA:563,16
DA:566,16
DA:567,16
DA:568,16
DA:569,16
DA:570,16
DA:573,16
DA:574,16
DA:575,16
DA:578,16
DA:579,16
DA:580,16
DA:581,16
DA:584,16
DA:585,2
DA:586,2
DA:587,2
DA:588,2
DA:589,0
DA:590,0
DA:591,0
DA:596,60
DA:597,60
DA:600,60
DA:601,60
DA:603,60
DA:604,60
DA:607,60
DA:608,60
DA:610,60
DA:611,60
DA:616,1
DA:618,1
DA:619,3
DA:620,3
DA:622,3
DA:623,3
DA:626,3
DA:627,3
DA:628,3
DA:629,3
DA:630,3
DA:632,3
DA:633,3
DA:634,3
DA:635,3
DA:637,3
DA:638,3
DA:639,3
DA:640,3
DA:642,3
DA:643,3
DA:644,3
DA:645,3
DA:651,2
DA:652,2
DA:654,2
DA:656,2
DA:657,2
DA:658,2
DA:660,2
DA:661,2
DA:663,2
DA:664,2
DA:665,2
DA:667,2
DA:668,2
DA:672,3
DA:675,3
DA:676,3
DA:677,3
DA:678,3
DA:679,3
DA:681,3
DA:685,3
DA:688,3
DA:689,1
DA:697,2
DA:698,1
DA:704,10
DA:706,4
DA:707,1
DA:711,3
DA:712,1
DA:713,1
DA:715,1
DA:716,1
DA:719,2
DA:724,10
DA:727,10
DA:728,4
DA:729,4
DA:730,4
DA:731,4
DA:737,10
DA:741,1
DA:742,0
DA:744,1
DA:745,0
DA:747,1
DA:748,0
DA:753,9
DA:754,9
DA:755,8
DA:757,8
DA:758,0
DA:765,4
DA:766,4
DA:767,0
DA:771,4
DA:772,7
DA:776,4
DA:779,4
DA:782,4
DA:789,83
DA:791,83
DA:792,82
DA:794,1
DA:798,83
DA:799,3
DA:803,83
DA:804,83
LF:364
LH:304
BRDA:112,0,0,48
BRDA:112,0,1,6
BRDA:120,1,0,0
BRDA:120,1,1,0
BRDA:124,2,0,0
BRDA:124,2,1,0
BRDA:130,3,0,0
BRDA:130,3,1,0
BRDA:130,4,0,0
BRDA:130,4,1,0
BRDA:141,5,0,1
BRDA:141,5,1,1
BRDA:141,6,0,2
BRDA:141,6,1,2
BRDA:147,7,0,1
BRDA:147,7,1,0
BRDA:147,8,0,1
BRDA:147,8,1,1
BRDA:152,9,0,21
BRDA:167,10,0,2
BRDA:167,10,1,14
BRDA:174,11,0,1
BRDA:174,11,1,6
BRDA:187,12,0,0
BRDA:187,12,1,20
BRDA:187,13,0,20
BRDA:187,13,1,0
BRDA:197,14,0,13
BRDA:197,14,1,13
BRDA:207,15,0,8
BRDA:207,15,1,8
BRDA:210,16,0,0
BRDA:210,16,1,8
BRDA:215,17,0,0
BRDA:215,17,1,8
BRDA:224,18,0,8
BRDA:224,18,1,0
BRDA:226,19,0,0
BRDA:226,19,1,8
BRDA:256,20,0,8
BRDA:256,20,1,0
BRDA:258,21,0,8
BRDA:258,21,1,8
BRDA:260,22,0,0
BRDA:260,22,1,8
BRDA:260,23,0,8
BRDA:260,23,1,0
BRDA:268,24,0,0
BRDA:268,24,1,0
BRDA:308,25,0,0
BRDA:308,25,1,0
BRDA:308,26,0,0
BRDA:308,26,1,0
BRDA:308,26,2,0
BRDA:325,27,0,1
BRDA:325,27,1,5
BRDA:325,28,0,6
BRDA:325,28,1,5
BRDA:331,29,0,0
BRDA:331,29,1,5
BRDA:333,30,0,0
BRDA:333,30,1,5
BRDA:340,31,0,6
BRDA:340,31,1,0
BRDA:349,32,0,4
BRDA:349,32,1,0
BRDA:349,33,0,4
BRDA:349,33,1,4
BRDA:356,34,0,4
BRDA:356,34,1,0
BRDA:359,35,0,0
BRDA:359,35,1,0
BRDA:366,36,0,1
BRDA:366,36,1,2
BRDA:377,37,0,0
BRDA:377,37,1,3
BRDA:380,38,0,3
BRDA:380,38,1,1
BRDA:383,39,0,1
BRDA:383,39,1,0
BRDA:393,40,0,1
BRDA:393,40,1,0
BRDA:403,41,0,0
BRDA:403,41,1,1
BRDA:417,42,0,1
BRDA:417,42,1,1
BRDA:435,43,0,2
BRDA:435,43,1,10
BRDA:438,44,0,2
BRDA:438,44,1,8
BRDA:442,45,0,1
BRDA:442,45,1,7
BRDA:446,46,0,2
BRDA:446,46,1,5
BRDA:450,47,0,1
BRDA:450,47,1,4
BRDA:453,48,0,1
BRDA:453,48,1,3
BRDA:457,49,0,2
BRDA:457,49,1,1
BRDA:469,50,0,2
BRDA:469,50,1,10
BRDA:469,51,0,12
BRDA:469,51,1,7
BRDA:471,52,0,2
BRDA:471,52,1,8
BRDA:471,53,0,10
BRDA:471,53,1,3
BRDA:486,54,0,1
BRDA:486,54,1,11
BRDA:491,55,0,1
BRDA:491,56,0,3
BRDA:493,57,0,1
BRDA:493,57,1,2
BRDA:502,58,0,1
BRDA:502,58,1,1
BRDA:526,59,0,3
BRDA:528,60,0,1
BRDA:528,60,1,16
BRDA:528,61,0,17
BRDA:528,61,1,16
BRDA:676,62,0,3
BRDA:676,62,1,0
BRDA:678,63,0,3
BRDA:678,63,1,0
BRDA:679,64,0,1
BRDA:679,64,1,2
BRDA:688,65,0,1
BRDA:688,65,1,2
BRDA:690,66,0,0
BRDA:690,66,1,1
BRDA:697,67,0,1
BRDA:697,67,1,1
BRDA:706,68,0,1
BRDA:706,68,1,3
BRDA:706,69,0,4
BRDA:706,69,1,4
BRDA:711,70,0,1
BRDA:711,70,1,2
BRDA:728,71,0,4
BRDA:728,71,1,0
BRDA:728,72,0,4
BRDA:728,72,1,3
BRDA:728,72,2,2
BRDA:730,73,0,4
BRDA:730,73,1,0
BRDA:741,74,0,0
BRDA:741,74,1,1
BRDA:744,75,0,0
BRDA:744,75,1,1
BRDA:747,76,0,0
BRDA:747,76,1,1
BRDA:747,77,0,1
BRDA:747,77,1,0
BRDA:754,78,0,8
BRDA:754,78,1,1
BRDA:791,79,0,82
BRDA:791,79,1,1
BRDA:798,80,0,3
BRDA:798,80,1,80
BRDA:803,81,0,83
BRDA:803,81,1,0
BRDA:803,82,0,83
BRDA:803,82,1,83
BRF:164
BRH:118
end_of_record
